<?xml version="1.0" encoding="UTF-8"?>
<!-- Generated by org.testng.reporters.JUnitReportReporter -->
<testsuite hostname="DESKTOP-NRABHQU" failures="0" tests="1" name="com.qa.testLayer.LoginTest" time="10.980" errors="0" timestamp="2022-07-02T12:27:30 IST" skipped="0">
  <testcase classname="com.qa.testLayer.LoginTest" name="verifyLogin" time="10.980"/>
  <system-out/>
</testsuite> <!-- com.qa.testLayer.LoginTest -->
